2017/11/06 17:01:19
Connection: keep-alive
User-Agent: Mozilla/5.0 (Windows NT 6.1; Win64; x64) AppleWebKit/537.36 (KHTML, like Gecko) Chrome/61.0.3163.100 Safari/537.36
Upgrade-Insecure-Requests: 1
Accept: text/html,application/xhtml+xml,application/xml;q=0.9,image/webp,image/apng,*/*;q=0.8
Accept-Encoding: gzip, deflate
Accept-Language: en-US,en;q=0.8,zh-CN;q=0.6,zh;q=0.4
Cookie: _xsrf=2|92b8706a|2b1200d615e9c3236e4e5d9f84f3708a|1509937088; username-100-69-199-95-9876="2|1:0|10:1509937091|27:username-100-69-199-95-9876|44:MzQ3MzQ0ZjczZDQwNDVmZWFjZTMwYTQ4N2I3NGZlZTM=|f85cc29ac2a329a71addf960f4c0a973582b774a4654a25456d83fa17b2c39d9"; telematicsid=f594171d27ff204efc7ed55f56d75ef7

2017/11/06 17:01:20
Connection: keep-alive
User-Agent: Mozilla/5.0 (Windows NT 6.1; Win64; x64) AppleWebKit/537.36 (KHTML, like Gecko) Chrome/61.0.3163.100 Safari/537.36
Accept: image/webp,image/apng,image/*,*/*;q=0.8
Referer: http://100.69.199.95:8000/
Accept-Encoding: gzip, deflate
Accept-Language: en-US,en;q=0.8,zh-CN;q=0.6,zh;q=0.4
Cookie: _xsrf=2|92b8706a|2b1200d615e9c3236e4e5d9f84f3708a|1509937088; username-100-69-199-95-9876="2|1:0|10:1509937091|27:username-100-69-199-95-9876|44:MzQ3MzQ0ZjczZDQwNDVmZWFjZTMwYTQ4N2I3NGZlZTM=|f85cc29ac2a329a71addf960f4c0a973582b774a4654a25456d83fa17b2c39d9"; telematicsid=f594171d27ff204efc7ed55f56d75ef7

2017/11/06 17:01:20
Connection: keep-alive
User-Agent: Mozilla/5.0 (Windows NT 6.1; Win64; x64) AppleWebKit/537.36 (KHTML, like Gecko) Chrome/61.0.3163.100 Safari/537.36
Accept: image/webp,image/apng,image/*,*/*;q=0.8
Referer: http://100.69.199.95:8000/
Accept-Encoding: gzip, deflate
Accept-Language: en-US,en;q=0.8,zh-CN;q=0.6,zh;q=0.4
Cookie: _xsrf=2|92b8706a|2b1200d615e9c3236e4e5d9f84f3708a|1509937088; username-100-69-199-95-9876="2|1:0|10:1509937091|27:username-100-69-199-95-9876|44:MzQ3MzQ0ZjczZDQwNDVmZWFjZTMwYTQ4N2I3NGZlZTM=|f85cc29ac2a329a71addf960f4c0a973582b774a4654a25456d83fa17b2c39d9"; telematicsid=f594171d27ff204efc7ed55f56d75ef7

2017/11/06 17:01:20
Connection: keep-alive
User-Agent: Mozilla/5.0 (Windows NT 6.1; Win64; x64) AppleWebKit/537.36 (KHTML, like Gecko) Chrome/61.0.3163.100 Safari/537.36
Accept: image/webp,image/apng,image/*,*/*;q=0.8
Referer: http://100.69.199.95:8000/
Accept-Encoding: gzip, deflate
Accept-Language: en-US,en;q=0.8,zh-CN;q=0.6,zh;q=0.4
Cookie: _xsrf=2|92b8706a|2b1200d615e9c3236e4e5d9f84f3708a|1509937088; username-100-69-199-95-9876="2|1:0|10:1509937091|27:username-100-69-199-95-9876|44:MzQ3MzQ0ZjczZDQwNDVmZWFjZTMwYTQ4N2I3NGZlZTM=|f85cc29ac2a329a71addf960f4c0a973582b774a4654a25456d83fa17b2c39d9"; telematicsid=f594171d27ff204efc7ed55f56d75ef7

2017/11/06 17:01:20
Connection: keep-alive
User-Agent: Mozilla/5.0 (Windows NT 6.1; Win64; x64) AppleWebKit/537.36 (KHTML, like Gecko) Chrome/61.0.3163.100 Safari/537.36
Accept: image/webp,image/apng,image/*,*/*;q=0.8
Referer: http://100.69.199.95:8000/
Accept-Encoding: gzip, deflate
Accept-Language: en-US,en;q=0.8,zh-CN;q=0.6,zh;q=0.4
Cookie: _xsrf=2|92b8706a|2b1200d615e9c3236e4e5d9f84f3708a|1509937088; username-100-69-199-95-9876="2|1:0|10:1509937091|27:username-100-69-199-95-9876|44:MzQ3MzQ0ZjczZDQwNDVmZWFjZTMwYTQ4N2I3NGZlZTM=|f85cc29ac2a329a71addf960f4c0a973582b774a4654a25456d83fa17b2c39d9"; telematicsid=f594171d27ff204efc7ed55f56d75ef7

2017/11/06 17:01:20
Connection: keep-alive
User-Agent: Mozilla/5.0 (Windows NT 6.1; Win64; x64) AppleWebKit/537.36 (KHTML, like Gecko) Chrome/61.0.3163.100 Safari/537.36
Accept: image/webp,image/apng,image/*,*/*;q=0.8
Referer: http://100.69.199.95:8000/
Accept-Encoding: gzip, deflate
Accept-Language: en-US,en;q=0.8,zh-CN;q=0.6,zh;q=0.4
Cookie: _xsrf=2|92b8706a|2b1200d615e9c3236e4e5d9f84f3708a|1509937088; username-100-69-199-95-9876="2|1:0|10:1509937091|27:username-100-69-199-95-9876|44:MzQ3MzQ0ZjczZDQwNDVmZWFjZTMwYTQ4N2I3NGZlZTM=|f85cc29ac2a329a71addf960f4c0a973582b774a4654a25456d83fa17b2c39d9"; telematicsid=f594171d27ff204efc7ed55f56d75ef7

2017/11/06 17:01:20
Connection: keep-alive
User-Agent: Mozilla/5.0 (Windows NT 6.1; Win64; x64) AppleWebKit/537.36 (KHTML, like Gecko) Chrome/61.0.3163.100 Safari/537.36
Accept: image/webp,image/apng,image/*,*/*;q=0.8
Referer: http://100.69.199.95:8000/
Accept-Encoding: gzip, deflate
Accept-Language: en-US,en;q=0.8,zh-CN;q=0.6,zh;q=0.4
Cookie: _xsrf=2|92b8706a|2b1200d615e9c3236e4e5d9f84f3708a|1509937088; username-100-69-199-95-9876="2|1:0|10:1509937091|27:username-100-69-199-95-9876|44:MzQ3MzQ0ZjczZDQwNDVmZWFjZTMwYTQ4N2I3NGZlZTM=|f85cc29ac2a329a71addf960f4c0a973582b774a4654a25456d83fa17b2c39d9"; telematicsid=f594171d27ff204efc7ed55f56d75ef7

2017/11/06 17:02:49
Connection: keep-alive
Cache-Control: max-age=0
User-Agent: Mozilla/5.0 (Windows NT 6.1; Win64; x64) AppleWebKit/537.36 (KHTML, like Gecko) Chrome/61.0.3163.100 Safari/537.36
Upgrade-Insecure-Requests: 1
Accept: text/html,application/xhtml+xml,application/xml;q=0.9,image/webp,image/apng,*/*;q=0.8
Accept-Encoding: gzip, deflate
Accept-Language: en-US,en;q=0.8,zh-CN;q=0.6,zh;q=0.4
Cookie: _xsrf=2|92b8706a|2b1200d615e9c3236e4e5d9f84f3708a|1509937088; username-100-69-199-95-9876="2|1:0|10:1509937091|27:username-100-69-199-95-9876|44:MzQ3MzQ0ZjczZDQwNDVmZWFjZTMwYTQ4N2I3NGZlZTM=|f85cc29ac2a329a71addf960f4c0a973582b774a4654a25456d83fa17b2c39d9"; telematicsid=f594171d27ff204efc7ed55f56d75ef7

2017/11/06 17:02:50
Connection: keep-alive
User-Agent: Mozilla/5.0 (Windows NT 6.1; Win64; x64) AppleWebKit/537.36 (KHTML, like Gecko) Chrome/61.0.3163.100 Safari/537.36
Accept: image/webp,image/apng,image/*,*/*;q=0.8
Referer: http://100.69.199.95:8000/
Accept-Encoding: gzip, deflate
Accept-Language: en-US,en;q=0.8,zh-CN;q=0.6,zh;q=0.4
Cookie: _xsrf=2|92b8706a|2b1200d615e9c3236e4e5d9f84f3708a|1509937088; username-100-69-199-95-9876="2|1:0|10:1509937091|27:username-100-69-199-95-9876|44:MzQ3MzQ0ZjczZDQwNDVmZWFjZTMwYTQ4N2I3NGZlZTM=|f85cc29ac2a329a71addf960f4c0a973582b774a4654a25456d83fa17b2c39d9"; telematicsid=f594171d27ff204efc7ed55f56d75ef7

2017/11/06 17:02:50
Connection: keep-alive
User-Agent: Mozilla/5.0 (Windows NT 6.1; Win64; x64) AppleWebKit/537.36 (KHTML, like Gecko) Chrome/61.0.3163.100 Safari/537.36
Accept: image/webp,image/apng,image/*,*/*;q=0.8
Referer: http://100.69.199.95:8000/
Accept-Encoding: gzip, deflate
Accept-Language: en-US,en;q=0.8,zh-CN;q=0.6,zh;q=0.4
Cookie: _xsrf=2|92b8706a|2b1200d615e9c3236e4e5d9f84f3708a|1509937088; username-100-69-199-95-9876="2|1:0|10:1509937091|27:username-100-69-199-95-9876|44:MzQ3MzQ0ZjczZDQwNDVmZWFjZTMwYTQ4N2I3NGZlZTM=|f85cc29ac2a329a71addf960f4c0a973582b774a4654a25456d83fa17b2c39d9"; telematicsid=f594171d27ff204efc7ed55f56d75ef7

2017/11/06 17:02:50
Connection: keep-alive
User-Agent: Mozilla/5.0 (Windows NT 6.1; Win64; x64) AppleWebKit/537.36 (KHTML, like Gecko) Chrome/61.0.3163.100 Safari/537.36
Accept: image/webp,image/apng,image/*,*/*;q=0.8
Referer: http://100.69.199.95:8000/
Accept-Encoding: gzip, deflate
Accept-Language: en-US,en;q=0.8,zh-CN;q=0.6,zh;q=0.4
Cookie: _xsrf=2|92b8706a|2b1200d615e9c3236e4e5d9f84f3708a|1509937088; username-100-69-199-95-9876="2|1:0|10:1509937091|27:username-100-69-199-95-9876|44:MzQ3MzQ0ZjczZDQwNDVmZWFjZTMwYTQ4N2I3NGZlZTM=|f85cc29ac2a329a71addf960f4c0a973582b774a4654a25456d83fa17b2c39d9"; telematicsid=f594171d27ff204efc7ed55f56d75ef7

2017/11/06 17:02:50
Connection: keep-alive
User-Agent: Mozilla/5.0 (Windows NT 6.1; Win64; x64) AppleWebKit/537.36 (KHTML, like Gecko) Chrome/61.0.3163.100 Safari/537.36
Accept: image/webp,image/apng,image/*,*/*;q=0.8
Referer: http://100.69.199.95:8000/
Accept-Encoding: gzip, deflate
Accept-Language: en-US,en;q=0.8,zh-CN;q=0.6,zh;q=0.4
Cookie: _xsrf=2|92b8706a|2b1200d615e9c3236e4e5d9f84f3708a|1509937088; username-100-69-199-95-9876="2|1:0|10:1509937091|27:username-100-69-199-95-9876|44:MzQ3MzQ0ZjczZDQwNDVmZWFjZTMwYTQ4N2I3NGZlZTM=|f85cc29ac2a329a71addf960f4c0a973582b774a4654a25456d83fa17b2c39d9"; telematicsid=f594171d27ff204efc7ed55f56d75ef7

2017/11/06 17:02:50
Connection: keep-alive
User-Agent: Mozilla/5.0 (Windows NT 6.1; Win64; x64) AppleWebKit/537.36 (KHTML, like Gecko) Chrome/61.0.3163.100 Safari/537.36
Accept: image/webp,image/apng,image/*,*/*;q=0.8
Referer: http://100.69.199.95:8000/
Accept-Encoding: gzip, deflate
Accept-Language: en-US,en;q=0.8,zh-CN;q=0.6,zh;q=0.4
Cookie: _xsrf=2|92b8706a|2b1200d615e9c3236e4e5d9f84f3708a|1509937088; username-100-69-199-95-9876="2|1:0|10:1509937091|27:username-100-69-199-95-9876|44:MzQ3MzQ0ZjczZDQwNDVmZWFjZTMwYTQ4N2I3NGZlZTM=|f85cc29ac2a329a71addf960f4c0a973582b774a4654a25456d83fa17b2c39d9"; telematicsid=f594171d27ff204efc7ed55f56d75ef7

2017/11/06 17:02:50
Connection: keep-alive
User-Agent: Mozilla/5.0 (Windows NT 6.1; Win64; x64) AppleWebKit/537.36 (KHTML, like Gecko) Chrome/61.0.3163.100 Safari/537.36
Accept: image/webp,image/apng,image/*,*/*;q=0.8
Referer: http://100.69.199.95:8000/
Accept-Encoding: gzip, deflate
Accept-Language: en-US,en;q=0.8,zh-CN;q=0.6,zh;q=0.4
Cookie: _xsrf=2|92b8706a|2b1200d615e9c3236e4e5d9f84f3708a|1509937088; username-100-69-199-95-9876="2|1:0|10:1509937091|27:username-100-69-199-95-9876|44:MzQ3MzQ0ZjczZDQwNDVmZWFjZTMwYTQ4N2I3NGZlZTM=|f85cc29ac2a329a71addf960f4c0a973582b774a4654a25456d83fa17b2c39d9"; telematicsid=f594171d27ff204efc7ed55f56d75ef7

2017/11/06 17:02:52
Connection: keep-alive
Cache-Control: max-age=0
User-Agent: Mozilla/5.0 (Windows NT 6.1; Win64; x64) AppleWebKit/537.36 (KHTML, like Gecko) Chrome/61.0.3163.100 Safari/537.36
Upgrade-Insecure-Requests: 1
Accept: text/html,application/xhtml+xml,application/xml;q=0.9,image/webp,image/apng,*/*;q=0.8
Accept-Encoding: gzip, deflate
Accept-Language: en-US,en;q=0.8,zh-CN;q=0.6,zh;q=0.4
Cookie: _xsrf=2|92b8706a|2b1200d615e9c3236e4e5d9f84f3708a|1509937088; username-100-69-199-95-9876="2|1:0|10:1509937091|27:username-100-69-199-95-9876|44:MzQ3MzQ0ZjczZDQwNDVmZWFjZTMwYTQ4N2I3NGZlZTM=|f85cc29ac2a329a71addf960f4c0a973582b774a4654a25456d83fa17b2c39d9"; telematicsid=f594171d27ff204efc7ed55f56d75ef7

2017/11/06 17:02:52
Connection: keep-alive
User-Agent: Mozilla/5.0 (Windows NT 6.1; Win64; x64) AppleWebKit/537.36 (KHTML, like Gecko) Chrome/61.0.3163.100 Safari/537.36
Accept: image/webp,image/apng,image/*,*/*;q=0.8
Referer: http://100.69.199.95:8000/
Accept-Encoding: gzip, deflate
Accept-Language: en-US,en;q=0.8,zh-CN;q=0.6,zh;q=0.4
Cookie: _xsrf=2|92b8706a|2b1200d615e9c3236e4e5d9f84f3708a|1509937088; username-100-69-199-95-9876="2|1:0|10:1509937091|27:username-100-69-199-95-9876|44:MzQ3MzQ0ZjczZDQwNDVmZWFjZTMwYTQ4N2I3NGZlZTM=|f85cc29ac2a329a71addf960f4c0a973582b774a4654a25456d83fa17b2c39d9"; telematicsid=f594171d27ff204efc7ed55f56d75ef7

2017/11/06 17:02:52
Connection: keep-alive
User-Agent: Mozilla/5.0 (Windows NT 6.1; Win64; x64) AppleWebKit/537.36 (KHTML, like Gecko) Chrome/61.0.3163.100 Safari/537.36
Accept: image/webp,image/apng,image/*,*/*;q=0.8
Referer: http://100.69.199.95:8000/
Accept-Encoding: gzip, deflate
Accept-Language: en-US,en;q=0.8,zh-CN;q=0.6,zh;q=0.4
Cookie: _xsrf=2|92b8706a|2b1200d615e9c3236e4e5d9f84f3708a|1509937088; username-100-69-199-95-9876="2|1:0|10:1509937091|27:username-100-69-199-95-9876|44:MzQ3MzQ0ZjczZDQwNDVmZWFjZTMwYTQ4N2I3NGZlZTM=|f85cc29ac2a329a71addf960f4c0a973582b774a4654a25456d83fa17b2c39d9"; telematicsid=f594171d27ff204efc7ed55f56d75ef7

2017/11/06 17:02:52
Connection: keep-alive
User-Agent: Mozilla/5.0 (Windows NT 6.1; Win64; x64) AppleWebKit/537.36 (KHTML, like Gecko) Chrome/61.0.3163.100 Safari/537.36
Accept: image/webp,image/apng,image/*,*/*;q=0.8
Referer: http://100.69.199.95:8000/
Accept-Encoding: gzip, deflate
Accept-Language: en-US,en;q=0.8,zh-CN;q=0.6,zh;q=0.4
Cookie: _xsrf=2|92b8706a|2b1200d615e9c3236e4e5d9f84f3708a|1509937088; username-100-69-199-95-9876="2|1:0|10:1509937091|27:username-100-69-199-95-9876|44:MzQ3MzQ0ZjczZDQwNDVmZWFjZTMwYTQ4N2I3NGZlZTM=|f85cc29ac2a329a71addf960f4c0a973582b774a4654a25456d83fa17b2c39d9"; telematicsid=f594171d27ff204efc7ed55f56d75ef7

2017/11/06 17:02:52
Connection: keep-alive
User-Agent: Mozilla/5.0 (Windows NT 6.1; Win64; x64) AppleWebKit/537.36 (KHTML, like Gecko) Chrome/61.0.3163.100 Safari/537.36
Accept: image/webp,image/apng,image/*,*/*;q=0.8
Referer: http://100.69.199.95:8000/
Accept-Encoding: gzip, deflate
Accept-Language: en-US,en;q=0.8,zh-CN;q=0.6,zh;q=0.4
Cookie: _xsrf=2|92b8706a|2b1200d615e9c3236e4e5d9f84f3708a|1509937088; username-100-69-199-95-9876="2|1:0|10:1509937091|27:username-100-69-199-95-9876|44:MzQ3MzQ0ZjczZDQwNDVmZWFjZTMwYTQ4N2I3NGZlZTM=|f85cc29ac2a329a71addf960f4c0a973582b774a4654a25456d83fa17b2c39d9"; telematicsid=f594171d27ff204efc7ed55f56d75ef7

2017/11/06 17:02:52
Connection: keep-alive
User-Agent: Mozilla/5.0 (Windows NT 6.1; Win64; x64) AppleWebKit/537.36 (KHTML, like Gecko) Chrome/61.0.3163.100 Safari/537.36
Accept: image/webp,image/apng,image/*,*/*;q=0.8
Referer: http://100.69.199.95:8000/
Accept-Encoding: gzip, deflate
Accept-Language: en-US,en;q=0.8,zh-CN;q=0.6,zh;q=0.4
Cookie: _xsrf=2|92b8706a|2b1200d615e9c3236e4e5d9f84f3708a|1509937088; username-100-69-199-95-9876="2|1:0|10:1509937091|27:username-100-69-199-95-9876|44:MzQ3MzQ0ZjczZDQwNDVmZWFjZTMwYTQ4N2I3NGZlZTM=|f85cc29ac2a329a71addf960f4c0a973582b774a4654a25456d83fa17b2c39d9"; telematicsid=f594171d27ff204efc7ed55f56d75ef7

2017/11/06 17:02:52
Connection: keep-alive
User-Agent: Mozilla/5.0 (Windows NT 6.1; Win64; x64) AppleWebKit/537.36 (KHTML, like Gecko) Chrome/61.0.3163.100 Safari/537.36
Accept: image/webp,image/apng,image/*,*/*;q=0.8
Referer: http://100.69.199.95:8000/
Accept-Encoding: gzip, deflate
Accept-Language: en-US,en;q=0.8,zh-CN;q=0.6,zh;q=0.4
Cookie: _xsrf=2|92b8706a|2b1200d615e9c3236e4e5d9f84f3708a|1509937088; username-100-69-199-95-9876="2|1:0|10:1509937091|27:username-100-69-199-95-9876|44:MzQ3MzQ0ZjczZDQwNDVmZWFjZTMwYTQ4N2I3NGZlZTM=|f85cc29ac2a329a71addf960f4c0a973582b774a4654a25456d83fa17b2c39d9"; telematicsid=f594171d27ff204efc7ed55f56d75ef7

2017/11/06 17:02:54
Connection: keep-alive
Cache-Control: max-age=0
User-Agent: Mozilla/5.0 (Windows NT 6.1; Win64; x64) AppleWebKit/537.36 (KHTML, like Gecko) Chrome/61.0.3163.100 Safari/537.36
Upgrade-Insecure-Requests: 1
Accept: text/html,application/xhtml+xml,application/xml;q=0.9,image/webp,image/apng,*/*;q=0.8
Accept-Encoding: gzip, deflate
Accept-Language: en-US,en;q=0.8,zh-CN;q=0.6,zh;q=0.4
Cookie: _xsrf=2|92b8706a|2b1200d615e9c3236e4e5d9f84f3708a|1509937088; username-100-69-199-95-9876="2|1:0|10:1509937091|27:username-100-69-199-95-9876|44:MzQ3MzQ0ZjczZDQwNDVmZWFjZTMwYTQ4N2I3NGZlZTM=|f85cc29ac2a329a71addf960f4c0a973582b774a4654a25456d83fa17b2c39d9"; telematicsid=f594171d27ff204efc7ed55f56d75ef7

2017/11/06 17:02:55
Connection: keep-alive
User-Agent: Mozilla/5.0 (Windows NT 6.1; Win64; x64) AppleWebKit/537.36 (KHTML, like Gecko) Chrome/61.0.3163.100 Safari/537.36
Accept: image/webp,image/apng,image/*,*/*;q=0.8
Referer: http://100.69.199.95:8000/
Accept-Encoding: gzip, deflate
Accept-Language: en-US,en;q=0.8,zh-CN;q=0.6,zh;q=0.4
Cookie: _xsrf=2|92b8706a|2b1200d615e9c3236e4e5d9f84f3708a|1509937088; username-100-69-199-95-9876="2|1:0|10:1509937091|27:username-100-69-199-95-9876|44:MzQ3MzQ0ZjczZDQwNDVmZWFjZTMwYTQ4N2I3NGZlZTM=|f85cc29ac2a329a71addf960f4c0a973582b774a4654a25456d83fa17b2c39d9"; telematicsid=f594171d27ff204efc7ed55f56d75ef7

2017/11/06 17:02:55
Connection: keep-alive
User-Agent: Mozilla/5.0 (Windows NT 6.1; Win64; x64) AppleWebKit/537.36 (KHTML, like Gecko) Chrome/61.0.3163.100 Safari/537.36
Accept: image/webp,image/apng,image/*,*/*;q=0.8
Referer: http://100.69.199.95:8000/
Accept-Encoding: gzip, deflate
Accept-Language: en-US,en;q=0.8,zh-CN;q=0.6,zh;q=0.4
Cookie: _xsrf=2|92b8706a|2b1200d615e9c3236e4e5d9f84f3708a|1509937088; username-100-69-199-95-9876="2|1:0|10:1509937091|27:username-100-69-199-95-9876|44:MzQ3MzQ0ZjczZDQwNDVmZWFjZTMwYTQ4N2I3NGZlZTM=|f85cc29ac2a329a71addf960f4c0a973582b774a4654a25456d83fa17b2c39d9"; telematicsid=f594171d27ff204efc7ed55f56d75ef7

2017/11/06 17:02:55
Connection: keep-alive
User-Agent: Mozilla/5.0 (Windows NT 6.1; Win64; x64) AppleWebKit/537.36 (KHTML, like Gecko) Chrome/61.0.3163.100 Safari/537.36
Accept: image/webp,image/apng,image/*,*/*;q=0.8
Referer: http://100.69.199.95:8000/
Accept-Encoding: gzip, deflate
Accept-Language: en-US,en;q=0.8,zh-CN;q=0.6,zh;q=0.4
Cookie: _xsrf=2|92b8706a|2b1200d615e9c3236e4e5d9f84f3708a|1509937088; username-100-69-199-95-9876="2|1:0|10:1509937091|27:username-100-69-199-95-9876|44:MzQ3MzQ0ZjczZDQwNDVmZWFjZTMwYTQ4N2I3NGZlZTM=|f85cc29ac2a329a71addf960f4c0a973582b774a4654a25456d83fa17b2c39d9"; telematicsid=f594171d27ff204efc7ed55f56d75ef7

2017/11/06 17:02:55
Connection: keep-alive
User-Agent: Mozilla/5.0 (Windows NT 6.1; Win64; x64) AppleWebKit/537.36 (KHTML, like Gecko) Chrome/61.0.3163.100 Safari/537.36
Accept: image/webp,image/apng,image/*,*/*;q=0.8
Referer: http://100.69.199.95:8000/
Accept-Encoding: gzip, deflate
Accept-Language: en-US,en;q=0.8,zh-CN;q=0.6,zh;q=0.4
Cookie: _xsrf=2|92b8706a|2b1200d615e9c3236e4e5d9f84f3708a|1509937088; username-100-69-199-95-9876="2|1:0|10:1509937091|27:username-100-69-199-95-9876|44:MzQ3MzQ0ZjczZDQwNDVmZWFjZTMwYTQ4N2I3NGZlZTM=|f85cc29ac2a329a71addf960f4c0a973582b774a4654a25456d83fa17b2c39d9"; telematicsid=f594171d27ff204efc7ed55f56d75ef7

2017/11/06 17:02:55
Connection: keep-alive
User-Agent: Mozilla/5.0 (Windows NT 6.1; Win64; x64) AppleWebKit/537.36 (KHTML, like Gecko) Chrome/61.0.3163.100 Safari/537.36
Accept: image/webp,image/apng,image/*,*/*;q=0.8
Referer: http://100.69.199.95:8000/
Accept-Encoding: gzip, deflate
Accept-Language: en-US,en;q=0.8,zh-CN;q=0.6,zh;q=0.4
Cookie: _xsrf=2|92b8706a|2b1200d615e9c3236e4e5d9f84f3708a|1509937088; username-100-69-199-95-9876="2|1:0|10:1509937091|27:username-100-69-199-95-9876|44:MzQ3MzQ0ZjczZDQwNDVmZWFjZTMwYTQ4N2I3NGZlZTM=|f85cc29ac2a329a71addf960f4c0a973582b774a4654a25456d83fa17b2c39d9"; telematicsid=f594171d27ff204efc7ed55f56d75ef7

2017/11/06 17:02:55
Connection: keep-alive
User-Agent: Mozilla/5.0 (Windows NT 6.1; Win64; x64) AppleWebKit/537.36 (KHTML, like Gecko) Chrome/61.0.3163.100 Safari/537.36
Accept: image/webp,image/apng,image/*,*/*;q=0.8
Referer: http://100.69.199.95:8000/
Accept-Encoding: gzip, deflate
Accept-Language: en-US,en;q=0.8,zh-CN;q=0.6,zh;q=0.4
Cookie: _xsrf=2|92b8706a|2b1200d615e9c3236e4e5d9f84f3708a|1509937088; username-100-69-199-95-9876="2|1:0|10:1509937091|27:username-100-69-199-95-9876|44:MzQ3MzQ0ZjczZDQwNDVmZWFjZTMwYTQ4N2I3NGZlZTM=|f85cc29ac2a329a71addf960f4c0a973582b774a4654a25456d83fa17b2c39d9"; telematicsid=f594171d27ff204efc7ed55f56d75ef7

2017/11/06 17:04:00
Connection: keep-alive
Cache-Control: max-age=0
User-Agent: Mozilla/5.0 (Windows NT 6.1; Win64; x64) AppleWebKit/537.36 (KHTML, like Gecko) Chrome/61.0.3163.100 Safari/537.36
Upgrade-Insecure-Requests: 1
Accept: text/html,application/xhtml+xml,application/xml;q=0.9,image/webp,image/apng,*/*;q=0.8
Accept-Encoding: gzip, deflate
Accept-Language: en-US,en;q=0.8,zh-CN;q=0.6,zh;q=0.4
Cookie: _xsrf=2|92b8706a|2b1200d615e9c3236e4e5d9f84f3708a|1509937088; username-100-69-199-95-9876="2|1:0|10:1509937091|27:username-100-69-199-95-9876|44:MzQ3MzQ0ZjczZDQwNDVmZWFjZTMwYTQ4N2I3NGZlZTM=|f85cc29ac2a329a71addf960f4c0a973582b774a4654a25456d83fa17b2c39d9"; telematicsid=f594171d27ff204efc7ed55f56d75ef7

2017/11/06 17:04:00
Connection: keep-alive
User-Agent: Mozilla/5.0 (Windows NT 6.1; Win64; x64) AppleWebKit/537.36 (KHTML, like Gecko) Chrome/61.0.3163.100 Safari/537.36
Accept: image/webp,image/apng,image/*,*/*;q=0.8
Referer: http://100.69.199.95:8000/
Accept-Encoding: gzip, deflate
Accept-Language: en-US,en;q=0.8,zh-CN;q=0.6,zh;q=0.4
Cookie: _xsrf=2|92b8706a|2b1200d615e9c3236e4e5d9f84f3708a|1509937088; username-100-69-199-95-9876="2|1:0|10:1509937091|27:username-100-69-199-95-9876|44:MzQ3MzQ0ZjczZDQwNDVmZWFjZTMwYTQ4N2I3NGZlZTM=|f85cc29ac2a329a71addf960f4c0a973582b774a4654a25456d83fa17b2c39d9"; telematicsid=f594171d27ff204efc7ed55f56d75ef7

2017/11/06 17:04:01
Connection: keep-alive
User-Agent: Mozilla/5.0 (Windows NT 6.1; Win64; x64) AppleWebKit/537.36 (KHTML, like Gecko) Chrome/61.0.3163.100 Safari/537.36
Accept: image/webp,image/apng,image/*,*/*;q=0.8
Referer: http://100.69.199.95:8000/
Accept-Encoding: gzip, deflate
Accept-Language: en-US,en;q=0.8,zh-CN;q=0.6,zh;q=0.4
Cookie: _xsrf=2|92b8706a|2b1200d615e9c3236e4e5d9f84f3708a|1509937088; username-100-69-199-95-9876="2|1:0|10:1509937091|27:username-100-69-199-95-9876|44:MzQ3MzQ0ZjczZDQwNDVmZWFjZTMwYTQ4N2I3NGZlZTM=|f85cc29ac2a329a71addf960f4c0a973582b774a4654a25456d83fa17b2c39d9"; telematicsid=f594171d27ff204efc7ed55f56d75ef7

2017/11/06 17:04:01
Connection: keep-alive
User-Agent: Mozilla/5.0 (Windows NT 6.1; Win64; x64) AppleWebKit/537.36 (KHTML, like Gecko) Chrome/61.0.3163.100 Safari/537.36
Accept: image/webp,image/apng,image/*,*/*;q=0.8
Referer: http://100.69.199.95:8000/
Accept-Encoding: gzip, deflate
Accept-Language: en-US,en;q=0.8,zh-CN;q=0.6,zh;q=0.4
Cookie: _xsrf=2|92b8706a|2b1200d615e9c3236e4e5d9f84f3708a|1509937088; username-100-69-199-95-9876="2|1:0|10:1509937091|27:username-100-69-199-95-9876|44:MzQ3MzQ0ZjczZDQwNDVmZWFjZTMwYTQ4N2I3NGZlZTM=|f85cc29ac2a329a71addf960f4c0a973582b774a4654a25456d83fa17b2c39d9"; telematicsid=f594171d27ff204efc7ed55f56d75ef7

2017/11/06 17:04:01
Connection: keep-alive
User-Agent: Mozilla/5.0 (Windows NT 6.1; Win64; x64) AppleWebKit/537.36 (KHTML, like Gecko) Chrome/61.0.3163.100 Safari/537.36
Accept: image/webp,image/apng,image/*,*/*;q=0.8
Referer: http://100.69.199.95:8000/
Accept-Encoding: gzip, deflate
Accept-Language: en-US,en;q=0.8,zh-CN;q=0.6,zh;q=0.4
Cookie: _xsrf=2|92b8706a|2b1200d615e9c3236e4e5d9f84f3708a|1509937088; username-100-69-199-95-9876="2|1:0|10:1509937091|27:username-100-69-199-95-9876|44:MzQ3MzQ0ZjczZDQwNDVmZWFjZTMwYTQ4N2I3NGZlZTM=|f85cc29ac2a329a71addf960f4c0a973582b774a4654a25456d83fa17b2c39d9"; telematicsid=f594171d27ff204efc7ed55f56d75ef7

2017/11/06 17:04:01
Connection: keep-alive
User-Agent: Mozilla/5.0 (Windows NT 6.1; Win64; x64) AppleWebKit/537.36 (KHTML, like Gecko) Chrome/61.0.3163.100 Safari/537.36
Accept: image/webp,image/apng,image/*,*/*;q=0.8
Referer: http://100.69.199.95:8000/
Accept-Encoding: gzip, deflate
Accept-Language: en-US,en;q=0.8,zh-CN;q=0.6,zh;q=0.4
Cookie: _xsrf=2|92b8706a|2b1200d615e9c3236e4e5d9f84f3708a|1509937088; username-100-69-199-95-9876="2|1:0|10:1509937091|27:username-100-69-199-95-9876|44:MzQ3MzQ0ZjczZDQwNDVmZWFjZTMwYTQ4N2I3NGZlZTM=|f85cc29ac2a329a71addf960f4c0a973582b774a4654a25456d83fa17b2c39d9"; telematicsid=f594171d27ff204efc7ed55f56d75ef7

2017/11/06 17:04:01
Connection: keep-alive
User-Agent: Mozilla/5.0 (Windows NT 6.1; Win64; x64) AppleWebKit/537.36 (KHTML, like Gecko) Chrome/61.0.3163.100 Safari/537.36
Accept: image/webp,image/apng,image/*,*/*;q=0.8
Referer: http://100.69.199.95:8000/
Accept-Encoding: gzip, deflate
Accept-Language: en-US,en;q=0.8,zh-CN;q=0.6,zh;q=0.4
Cookie: _xsrf=2|92b8706a|2b1200d615e9c3236e4e5d9f84f3708a|1509937088; username-100-69-199-95-9876="2|1:0|10:1509937091|27:username-100-69-199-95-9876|44:MzQ3MzQ0ZjczZDQwNDVmZWFjZTMwYTQ4N2I3NGZlZTM=|f85cc29ac2a329a71addf960f4c0a973582b774a4654a25456d83fa17b2c39d9"; telematicsid=f594171d27ff204efc7ed55f56d75ef7

2017/11/06 18:40:19
Connection: keep-alive
Cache-Control: max-age=0
User-Agent: Mozilla/5.0 (Windows NT 6.1; Win64; x64) AppleWebKit/537.36 (KHTML, like Gecko) Chrome/61.0.3163.100 Safari/537.36
Upgrade-Insecure-Requests: 1
Accept: text/html,application/xhtml+xml,application/xml;q=0.9,image/webp,image/apng,*/*;q=0.8
Accept-Encoding: gzip, deflate
Accept-Language: en-US,en;q=0.8,zh-CN;q=0.6,zh;q=0.4
Cookie: _xsrf=2|92b8706a|2b1200d615e9c3236e4e5d9f84f3708a|1509937088; username-100-69-199-95-9876="2|1:0|10:1509937091|27:username-100-69-199-95-9876|44:MzQ3MzQ0ZjczZDQwNDVmZWFjZTMwYTQ4N2I3NGZlZTM=|f85cc29ac2a329a71addf960f4c0a973582b774a4654a25456d83fa17b2c39d9"; telematicsid=f594171d27ff204efc7ed55f56d75ef7

2017/11/06 18:40:19
Connection: keep-alive
User-Agent: Mozilla/5.0 (Windows NT 6.1; Win64; x64) AppleWebKit/537.36 (KHTML, like Gecko) Chrome/61.0.3163.100 Safari/537.36
Accept: image/webp,image/apng,image/*,*/*;q=0.8
Referer: http://100.69.199.95:8000/
Accept-Encoding: gzip, deflate
Accept-Language: en-US,en;q=0.8,zh-CN;q=0.6,zh;q=0.4
Cookie: _xsrf=2|92b8706a|2b1200d615e9c3236e4e5d9f84f3708a|1509937088; username-100-69-199-95-9876="2|1:0|10:1509937091|27:username-100-69-199-95-9876|44:MzQ3MzQ0ZjczZDQwNDVmZWFjZTMwYTQ4N2I3NGZlZTM=|f85cc29ac2a329a71addf960f4c0a973582b774a4654a25456d83fa17b2c39d9"; telematicsid=f594171d27ff204efc7ed55f56d75ef7

2017/11/06 18:40:19
Connection: keep-alive
User-Agent: Mozilla/5.0 (Windows NT 6.1; Win64; x64) AppleWebKit/537.36 (KHTML, like Gecko) Chrome/61.0.3163.100 Safari/537.36
Accept: image/webp,image/apng,image/*,*/*;q=0.8
Referer: http://100.69.199.95:8000/
Accept-Encoding: gzip, deflate
Accept-Language: en-US,en;q=0.8,zh-CN;q=0.6,zh;q=0.4
Cookie: _xsrf=2|92b8706a|2b1200d615e9c3236e4e5d9f84f3708a|1509937088; username-100-69-199-95-9876="2|1:0|10:1509937091|27:username-100-69-199-95-9876|44:MzQ3MzQ0ZjczZDQwNDVmZWFjZTMwYTQ4N2I3NGZlZTM=|f85cc29ac2a329a71addf960f4c0a973582b774a4654a25456d83fa17b2c39d9"; telematicsid=f594171d27ff204efc7ed55f56d75ef7

2017/11/06 18:40:19
Connection: keep-alive
User-Agent: Mozilla/5.0 (Windows NT 6.1; Win64; x64) AppleWebKit/537.36 (KHTML, like Gecko) Chrome/61.0.3163.100 Safari/537.36
Accept: image/webp,image/apng,image/*,*/*;q=0.8
Referer: http://100.69.199.95:8000/
Accept-Encoding: gzip, deflate
Accept-Language: en-US,en;q=0.8,zh-CN;q=0.6,zh;q=0.4
Cookie: _xsrf=2|92b8706a|2b1200d615e9c3236e4e5d9f84f3708a|1509937088; username-100-69-199-95-9876="2|1:0|10:1509937091|27:username-100-69-199-95-9876|44:MzQ3MzQ0ZjczZDQwNDVmZWFjZTMwYTQ4N2I3NGZlZTM=|f85cc29ac2a329a71addf960f4c0a973582b774a4654a25456d83fa17b2c39d9"; telematicsid=f594171d27ff204efc7ed55f56d75ef7

2017/11/06 18:40:19
Connection: keep-alive
User-Agent: Mozilla/5.0 (Windows NT 6.1; Win64; x64) AppleWebKit/537.36 (KHTML, like Gecko) Chrome/61.0.3163.100 Safari/537.36
Accept: image/webp,image/apng,image/*,*/*;q=0.8
Referer: http://100.69.199.95:8000/
Accept-Encoding: gzip, deflate
Accept-Language: en-US,en;q=0.8,zh-CN;q=0.6,zh;q=0.4
Cookie: _xsrf=2|92b8706a|2b1200d615e9c3236e4e5d9f84f3708a|1509937088; username-100-69-199-95-9876="2|1:0|10:1509937091|27:username-100-69-199-95-9876|44:MzQ3MzQ0ZjczZDQwNDVmZWFjZTMwYTQ4N2I3NGZlZTM=|f85cc29ac2a329a71addf960f4c0a973582b774a4654a25456d83fa17b2c39d9"; telematicsid=f594171d27ff204efc7ed55f56d75ef7

2017/11/06 18:40:19
Connection: keep-alive
User-Agent: Mozilla/5.0 (Windows NT 6.1; Win64; x64) AppleWebKit/537.36 (KHTML, like Gecko) Chrome/61.0.3163.100 Safari/537.36
Accept: image/webp,image/apng,image/*,*/*;q=0.8
Referer: http://100.69.199.95:8000/
Accept-Encoding: gzip, deflate
Accept-Language: en-US,en;q=0.8,zh-CN;q=0.6,zh;q=0.4
Cookie: _xsrf=2|92b8706a|2b1200d615e9c3236e4e5d9f84f3708a|1509937088; username-100-69-199-95-9876="2|1:0|10:1509937091|27:username-100-69-199-95-9876|44:MzQ3MzQ0ZjczZDQwNDVmZWFjZTMwYTQ4N2I3NGZlZTM=|f85cc29ac2a329a71addf960f4c0a973582b774a4654a25456d83fa17b2c39d9"; telematicsid=f594171d27ff204efc7ed55f56d75ef7

2017/11/06 18:40:19
Connection: keep-alive
User-Agent: Mozilla/5.0 (Windows NT 6.1; Win64; x64) AppleWebKit/537.36 (KHTML, like Gecko) Chrome/61.0.3163.100 Safari/537.36
Accept: image/webp,image/apng,image/*,*/*;q=0.8
Referer: http://100.69.199.95:8000/
Accept-Encoding: gzip, deflate
Accept-Language: en-US,en;q=0.8,zh-CN;q=0.6,zh;q=0.4
Cookie: _xsrf=2|92b8706a|2b1200d615e9c3236e4e5d9f84f3708a|1509937088; username-100-69-199-95-9876="2|1:0|10:1509937091|27:username-100-69-199-95-9876|44:MzQ3MzQ0ZjczZDQwNDVmZWFjZTMwYTQ4N2I3NGZlZTM=|f85cc29ac2a329a71addf960f4c0a973582b774a4654a25456d83fa17b2c39d9"; telematicsid=f594171d27ff204efc7ed55f56d75ef7

2017/11/08 16:26:46
Connection: keep-alive
Cache-Control: max-age=0
User-Agent: Mozilla/5.0 (Windows NT 6.1; Win64; x64) AppleWebKit/537.36 (KHTML, like Gecko) Chrome/61.0.3163.100 Safari/537.36
Upgrade-Insecure-Requests: 1
Accept: text/html,application/xhtml+xml,application/xml;q=0.9,image/webp,image/apng,*/*;q=0.8
Accept-Encoding: gzip, deflate
Accept-Language: en-US,en;q=0.8,zh-CN;q=0.6,zh;q=0.4
Cookie: _xsrf=2|92b8706a|2b1200d615e9c3236e4e5d9f84f3708a|1509937088; username-100-69-199-95-9876="2|1:0|10:1509937091|27:username-100-69-199-95-9876|44:MzQ3MzQ0ZjczZDQwNDVmZWFjZTMwYTQ4N2I3NGZlZTM=|f85cc29ac2a329a71addf960f4c0a973582b774a4654a25456d83fa17b2c39d9"; telematicsid=f594171d27ff204efc7ed55f56d75ef7

2017/11/08 16:26:46
Connection: keep-alive
User-Agent: Mozilla/5.0 (Windows NT 6.1; Win64; x64) AppleWebKit/537.36 (KHTML, like Gecko) Chrome/61.0.3163.100 Safari/537.36
Accept: image/webp,image/apng,image/*,*/*;q=0.8
Referer: http://100.69.199.95:8000/
Accept-Encoding: gzip, deflate
Accept-Language: en-US,en;q=0.8,zh-CN;q=0.6,zh;q=0.4
Cookie: _xsrf=2|92b8706a|2b1200d615e9c3236e4e5d9f84f3708a|1509937088; username-100-69-199-95-9876="2|1:0|10:1509937091|27:username-100-69-199-95-9876|44:MzQ3MzQ0ZjczZDQwNDVmZWFjZTMwYTQ4N2I3NGZlZTM=|f85cc29ac2a329a71addf960f4c0a973582b774a4654a25456d83fa17b2c39d9"; telematicsid=f594171d27ff204efc7ed55f56d75ef7

2017/11/08 16:26:47
Connection: keep-alive
User-Agent: Mozilla/5.0 (Windows NT 6.1; Win64; x64) AppleWebKit/537.36 (KHTML, like Gecko) Chrome/61.0.3163.100 Safari/537.36
Accept: image/webp,image/apng,image/*,*/*;q=0.8
Referer: http://100.69.199.95:8000/
Accept-Encoding: gzip, deflate
Accept-Language: en-US,en;q=0.8,zh-CN;q=0.6,zh;q=0.4
Cookie: _xsrf=2|92b8706a|2b1200d615e9c3236e4e5d9f84f3708a|1509937088; username-100-69-199-95-9876="2|1:0|10:1509937091|27:username-100-69-199-95-9876|44:MzQ3MzQ0ZjczZDQwNDVmZWFjZTMwYTQ4N2I3NGZlZTM=|f85cc29ac2a329a71addf960f4c0a973582b774a4654a25456d83fa17b2c39d9"; telematicsid=f594171d27ff204efc7ed55f56d75ef7

2017/11/08 16:26:47
Connection: keep-alive
User-Agent: Mozilla/5.0 (Windows NT 6.1; Win64; x64) AppleWebKit/537.36 (KHTML, like Gecko) Chrome/61.0.3163.100 Safari/537.36
Accept: image/webp,image/apng,image/*,*/*;q=0.8
Referer: http://100.69.199.95:8000/
Accept-Encoding: gzip, deflate
Accept-Language: en-US,en;q=0.8,zh-CN;q=0.6,zh;q=0.4
Cookie: _xsrf=2|92b8706a|2b1200d615e9c3236e4e5d9f84f3708a|1509937088; username-100-69-199-95-9876="2|1:0|10:1509937091|27:username-100-69-199-95-9876|44:MzQ3MzQ0ZjczZDQwNDVmZWFjZTMwYTQ4N2I3NGZlZTM=|f85cc29ac2a329a71addf960f4c0a973582b774a4654a25456d83fa17b2c39d9"; telematicsid=f594171d27ff204efc7ed55f56d75ef7

2017/11/08 16:26:47
Connection: keep-alive
User-Agent: Mozilla/5.0 (Windows NT 6.1; Win64; x64) AppleWebKit/537.36 (KHTML, like Gecko) Chrome/61.0.3163.100 Safari/537.36
Accept: image/webp,image/apng,image/*,*/*;q=0.8
Referer: http://100.69.199.95:8000/
Accept-Encoding: gzip, deflate
Accept-Language: en-US,en;q=0.8,zh-CN;q=0.6,zh;q=0.4
Cookie: _xsrf=2|92b8706a|2b1200d615e9c3236e4e5d9f84f3708a|1509937088; username-100-69-199-95-9876="2|1:0|10:1509937091|27:username-100-69-199-95-9876|44:MzQ3MzQ0ZjczZDQwNDVmZWFjZTMwYTQ4N2I3NGZlZTM=|f85cc29ac2a329a71addf960f4c0a973582b774a4654a25456d83fa17b2c39d9"; telematicsid=f594171d27ff204efc7ed55f56d75ef7

2017/11/08 16:26:47
Connection: keep-alive
User-Agent: Mozilla/5.0 (Windows NT 6.1; Win64; x64) AppleWebKit/537.36 (KHTML, like Gecko) Chrome/61.0.3163.100 Safari/537.36
Accept: image/webp,image/apng,image/*,*/*;q=0.8
Referer: http://100.69.199.95:8000/
Accept-Encoding: gzip, deflate
Accept-Language: en-US,en;q=0.8,zh-CN;q=0.6,zh;q=0.4
Cookie: _xsrf=2|92b8706a|2b1200d615e9c3236e4e5d9f84f3708a|1509937088; username-100-69-199-95-9876="2|1:0|10:1509937091|27:username-100-69-199-95-9876|44:MzQ3MzQ0ZjczZDQwNDVmZWFjZTMwYTQ4N2I3NGZlZTM=|f85cc29ac2a329a71addf960f4c0a973582b774a4654a25456d83fa17b2c39d9"; telematicsid=f594171d27ff204efc7ed55f56d75ef7

2017/11/08 16:26:47
Connection: keep-alive
User-Agent: Mozilla/5.0 (Windows NT 6.1; Win64; x64) AppleWebKit/537.36 (KHTML, like Gecko) Chrome/61.0.3163.100 Safari/537.36
Accept: image/webp,image/apng,image/*,*/*;q=0.8
Referer: http://100.69.199.95:8000/
Accept-Encoding: gzip, deflate
Accept-Language: en-US,en;q=0.8,zh-CN;q=0.6,zh;q=0.4
Cookie: _xsrf=2|92b8706a|2b1200d615e9c3236e4e5d9f84f3708a|1509937088; username-100-69-199-95-9876="2|1:0|10:1509937091|27:username-100-69-199-95-9876|44:MzQ3MzQ0ZjczZDQwNDVmZWFjZTMwYTQ4N2I3NGZlZTM=|f85cc29ac2a329a71addf960f4c0a973582b774a4654a25456d83fa17b2c39d9"; telematicsid=f594171d27ff204efc7ed55f56d75ef7

2017/11/09 16:21:03
Connection: keep-alive
Cache-Control: max-age=0
User-Agent: Mozilla/5.0 (Windows NT 6.1; Win64; x64) AppleWebKit/537.36 (KHTML, like Gecko) Chrome/61.0.3163.100 Safari/537.36
Upgrade-Insecure-Requests: 1
Accept: text/html,application/xhtml+xml,application/xml;q=0.9,image/webp,image/apng,*/*;q=0.8
Accept-Encoding: gzip, deflate
Accept-Language: en-US,en;q=0.8,zh-CN;q=0.6,zh;q=0.4
Cookie: _xsrf=2|92b8706a|2b1200d615e9c3236e4e5d9f84f3708a|1509937088; username-100-69-199-95-9876="2|1:0|10:1509937091|27:username-100-69-199-95-9876|44:MzQ3MzQ0ZjczZDQwNDVmZWFjZTMwYTQ4N2I3NGZlZTM=|f85cc29ac2a329a71addf960f4c0a973582b774a4654a25456d83fa17b2c39d9"; telematicsid=f594171d27ff204efc7ed55f56d75ef7

2017/11/09 16:21:03
Connection: keep-alive
User-Agent: Mozilla/5.0 (Windows NT 6.1; Win64; x64) AppleWebKit/537.36 (KHTML, like Gecko) Chrome/61.0.3163.100 Safari/537.36
Accept: image/webp,image/apng,image/*,*/*;q=0.8
Referer: http://100.69.199.95:8000/
Accept-Encoding: gzip, deflate
Accept-Language: en-US,en;q=0.8,zh-CN;q=0.6,zh;q=0.4
Cookie: _xsrf=2|92b8706a|2b1200d615e9c3236e4e5d9f84f3708a|1509937088; username-100-69-199-95-9876="2|1:0|10:1509937091|27:username-100-69-199-95-9876|44:MzQ3MzQ0ZjczZDQwNDVmZWFjZTMwYTQ4N2I3NGZlZTM=|f85cc29ac2a329a71addf960f4c0a973582b774a4654a25456d83fa17b2c39d9"; telematicsid=f594171d27ff204efc7ed55f56d75ef7

2017/11/09 16:21:03
Connection: keep-alive
User-Agent: Mozilla/5.0 (Windows NT 6.1; Win64; x64) AppleWebKit/537.36 (KHTML, like Gecko) Chrome/61.0.3163.100 Safari/537.36
Accept: image/webp,image/apng,image/*,*/*;q=0.8
Referer: http://100.69.199.95:8000/
Accept-Encoding: gzip, deflate
Accept-Language: en-US,en;q=0.8,zh-CN;q=0.6,zh;q=0.4
Cookie: _xsrf=2|92b8706a|2b1200d615e9c3236e4e5d9f84f3708a|1509937088; username-100-69-199-95-9876="2|1:0|10:1509937091|27:username-100-69-199-95-9876|44:MzQ3MzQ0ZjczZDQwNDVmZWFjZTMwYTQ4N2I3NGZlZTM=|f85cc29ac2a329a71addf960f4c0a973582b774a4654a25456d83fa17b2c39d9"; telematicsid=f594171d27ff204efc7ed55f56d75ef7

2017/11/09 16:21:03
Connection: keep-alive
User-Agent: Mozilla/5.0 (Windows NT 6.1; Win64; x64) AppleWebKit/537.36 (KHTML, like Gecko) Chrome/61.0.3163.100 Safari/537.36
Accept: image/webp,image/apng,image/*,*/*;q=0.8
Referer: http://100.69.199.95:8000/
Accept-Encoding: gzip, deflate
Accept-Language: en-US,en;q=0.8,zh-CN;q=0.6,zh;q=0.4
Cookie: _xsrf=2|92b8706a|2b1200d615e9c3236e4e5d9f84f3708a|1509937088; username-100-69-199-95-9876="2|1:0|10:1509937091|27:username-100-69-199-95-9876|44:MzQ3MzQ0ZjczZDQwNDVmZWFjZTMwYTQ4N2I3NGZlZTM=|f85cc29ac2a329a71addf960f4c0a973582b774a4654a25456d83fa17b2c39d9"; telematicsid=f594171d27ff204efc7ed55f56d75ef7

2017/11/09 16:21:03
Connection: keep-alive
User-Agent: Mozilla/5.0 (Windows NT 6.1; Win64; x64) AppleWebKit/537.36 (KHTML, like Gecko) Chrome/61.0.3163.100 Safari/537.36
Accept: image/webp,image/apng,image/*,*/*;q=0.8
Referer: http://100.69.199.95:8000/
Accept-Encoding: gzip, deflate
Accept-Language: en-US,en;q=0.8,zh-CN;q=0.6,zh;q=0.4
Cookie: _xsrf=2|92b8706a|2b1200d615e9c3236e4e5d9f84f3708a|1509937088; username-100-69-199-95-9876="2|1:0|10:1509937091|27:username-100-69-199-95-9876|44:MzQ3MzQ0ZjczZDQwNDVmZWFjZTMwYTQ4N2I3NGZlZTM=|f85cc29ac2a329a71addf960f4c0a973582b774a4654a25456d83fa17b2c39d9"; telematicsid=f594171d27ff204efc7ed55f56d75ef7

2017/11/09 16:21:03
Connection: keep-alive
User-Agent: Mozilla/5.0 (Windows NT 6.1; Win64; x64) AppleWebKit/537.36 (KHTML, like Gecko) Chrome/61.0.3163.100 Safari/537.36
Accept: image/webp,image/apng,image/*,*/*;q=0.8
Referer: http://100.69.199.95:8000/
Accept-Encoding: gzip, deflate
Accept-Language: en-US,en;q=0.8,zh-CN;q=0.6,zh;q=0.4
Cookie: _xsrf=2|92b8706a|2b1200d615e9c3236e4e5d9f84f3708a|1509937088; username-100-69-199-95-9876="2|1:0|10:1509937091|27:username-100-69-199-95-9876|44:MzQ3MzQ0ZjczZDQwNDVmZWFjZTMwYTQ4N2I3NGZlZTM=|f85cc29ac2a329a71addf960f4c0a973582b774a4654a25456d83fa17b2c39d9"; telematicsid=f594171d27ff204efc7ed55f56d75ef7

2017/11/09 16:21:03
Connection: keep-alive
User-Agent: Mozilla/5.0 (Windows NT 6.1; Win64; x64) AppleWebKit/537.36 (KHTML, like Gecko) Chrome/61.0.3163.100 Safari/537.36
Accept: image/webp,image/apng,image/*,*/*;q=0.8
Referer: http://100.69.199.95:8000/
Accept-Encoding: gzip, deflate
Accept-Language: en-US,en;q=0.8,zh-CN;q=0.6,zh;q=0.4
Cookie: _xsrf=2|92b8706a|2b1200d615e9c3236e4e5d9f84f3708a|1509937088; username-100-69-199-95-9876="2|1:0|10:1509937091|27:username-100-69-199-95-9876|44:MzQ3MzQ0ZjczZDQwNDVmZWFjZTMwYTQ4N2I3NGZlZTM=|f85cc29ac2a329a71addf960f4c0a973582b774a4654a25456d83fa17b2c39d9"; telematicsid=f594171d27ff204efc7ed55f56d75ef7

2017/11/09 19:05:03
Connection: keep-alive
Cache-Control: max-age=0
User-Agent: Mozilla/5.0 (Windows NT 6.1; Win64; x64) AppleWebKit/537.36 (KHTML, like Gecko) Chrome/61.0.3163.100 Safari/537.36
Upgrade-Insecure-Requests: 1
Accept: text/html,application/xhtml+xml,application/xml;q=0.9,image/webp,image/apng,*/*;q=0.8
Accept-Encoding: gzip, deflate
Accept-Language: en-US,en;q=0.8,zh-CN;q=0.6,zh;q=0.4
Cookie: username-100-69-199-95-9876="2|1:0|10:1509937091|27:username-100-69-199-95-9876|44:MzQ3MzQ0ZjczZDQwNDVmZWFjZTMwYTQ4N2I3NGZlZTM=|f85cc29ac2a329a71addf960f4c0a973582b774a4654a25456d83fa17b2c39d9"; _xsrf=2|a8d52bfa|fe50c65ea472986e32203756b1aa432a|1510220416; telematicsid=f594171d27ff204efc7ed55f56d75ef7

2017/11/09 19:05:03
Connection: keep-alive
User-Agent: Mozilla/5.0 (Windows NT 6.1; Win64; x64) AppleWebKit/537.36 (KHTML, like Gecko) Chrome/61.0.3163.100 Safari/537.36
Accept: image/webp,image/apng,image/*,*/*;q=0.8
Referer: http://100.69.199.95:8000/
Accept-Encoding: gzip, deflate
Accept-Language: en-US,en;q=0.8,zh-CN;q=0.6,zh;q=0.4
Cookie: username-100-69-199-95-9876="2|1:0|10:1509937091|27:username-100-69-199-95-9876|44:MzQ3MzQ0ZjczZDQwNDVmZWFjZTMwYTQ4N2I3NGZlZTM=|f85cc29ac2a329a71addf960f4c0a973582b774a4654a25456d83fa17b2c39d9"; _xsrf=2|a8d52bfa|fe50c65ea472986e32203756b1aa432a|1510220416; telematicsid=f594171d27ff204efc7ed55f56d75ef7

2017/11/09 19:05:03
Connection: keep-alive
User-Agent: Mozilla/5.0 (Windows NT 6.1; Win64; x64) AppleWebKit/537.36 (KHTML, like Gecko) Chrome/61.0.3163.100 Safari/537.36
Accept: image/webp,image/apng,image/*,*/*;q=0.8
Referer: http://100.69.199.95:8000/
Accept-Encoding: gzip, deflate
Accept-Language: en-US,en;q=0.8,zh-CN;q=0.6,zh;q=0.4
Cookie: username-100-69-199-95-9876="2|1:0|10:1509937091|27:username-100-69-199-95-9876|44:MzQ3MzQ0ZjczZDQwNDVmZWFjZTMwYTQ4N2I3NGZlZTM=|f85cc29ac2a329a71addf960f4c0a973582b774a4654a25456d83fa17b2c39d9"; _xsrf=2|a8d52bfa|fe50c65ea472986e32203756b1aa432a|1510220416; telematicsid=f594171d27ff204efc7ed55f56d75ef7

2017/11/09 19:05:03
Connection: keep-alive
User-Agent: Mozilla/5.0 (Windows NT 6.1; Win64; x64) AppleWebKit/537.36 (KHTML, like Gecko) Chrome/61.0.3163.100 Safari/537.36
Accept: image/webp,image/apng,image/*,*/*;q=0.8
Referer: http://100.69.199.95:8000/
Accept-Encoding: gzip, deflate
Accept-Language: en-US,en;q=0.8,zh-CN;q=0.6,zh;q=0.4
Cookie: username-100-69-199-95-9876="2|1:0|10:1509937091|27:username-100-69-199-95-9876|44:MzQ3MzQ0ZjczZDQwNDVmZWFjZTMwYTQ4N2I3NGZlZTM=|f85cc29ac2a329a71addf960f4c0a973582b774a4654a25456d83fa17b2c39d9"; _xsrf=2|a8d52bfa|fe50c65ea472986e32203756b1aa432a|1510220416; telematicsid=f594171d27ff204efc7ed55f56d75ef7

2017/11/09 19:05:03
Connection: keep-alive
User-Agent: Mozilla/5.0 (Windows NT 6.1; Win64; x64) AppleWebKit/537.36 (KHTML, like Gecko) Chrome/61.0.3163.100 Safari/537.36
Accept: image/webp,image/apng,image/*,*/*;q=0.8
Referer: http://100.69.199.95:8000/
Accept-Encoding: gzip, deflate
Accept-Language: en-US,en;q=0.8,zh-CN;q=0.6,zh;q=0.4
Cookie: username-100-69-199-95-9876="2|1:0|10:1509937091|27:username-100-69-199-95-9876|44:MzQ3MzQ0ZjczZDQwNDVmZWFjZTMwYTQ4N2I3NGZlZTM=|f85cc29ac2a329a71addf960f4c0a973582b774a4654a25456d83fa17b2c39d9"; _xsrf=2|a8d52bfa|fe50c65ea472986e32203756b1aa432a|1510220416; telematicsid=f594171d27ff204efc7ed55f56d75ef7

2017/11/09 19:05:03
Connection: keep-alive
User-Agent: Mozilla/5.0 (Windows NT 6.1; Win64; x64) AppleWebKit/537.36 (KHTML, like Gecko) Chrome/61.0.3163.100 Safari/537.36
Accept: image/webp,image/apng,image/*,*/*;q=0.8
Referer: http://100.69.199.95:8000/
Accept-Encoding: gzip, deflate
Accept-Language: en-US,en;q=0.8,zh-CN;q=0.6,zh;q=0.4
Cookie: username-100-69-199-95-9876="2|1:0|10:1509937091|27:username-100-69-199-95-9876|44:MzQ3MzQ0ZjczZDQwNDVmZWFjZTMwYTQ4N2I3NGZlZTM=|f85cc29ac2a329a71addf960f4c0a973582b774a4654a25456d83fa17b2c39d9"; _xsrf=2|a8d52bfa|fe50c65ea472986e32203756b1aa432a|1510220416; telematicsid=f594171d27ff204efc7ed55f56d75ef7

2017/11/09 19:05:03
Connection: keep-alive
User-Agent: Mozilla/5.0 (Windows NT 6.1; Win64; x64) AppleWebKit/537.36 (KHTML, like Gecko) Chrome/61.0.3163.100 Safari/537.36
Accept: image/webp,image/apng,image/*,*/*;q=0.8
Referer: http://100.69.199.95:8000/
Accept-Encoding: gzip, deflate
Accept-Language: en-US,en;q=0.8,zh-CN;q=0.6,zh;q=0.4
Cookie: username-100-69-199-95-9876="2|1:0|10:1509937091|27:username-100-69-199-95-9876|44:MzQ3MzQ0ZjczZDQwNDVmZWFjZTMwYTQ4N2I3NGZlZTM=|f85cc29ac2a329a71addf960f4c0a973582b774a4654a25456d83fa17b2c39d9"; _xsrf=2|a8d52bfa|fe50c65ea472986e32203756b1aa432a|1510220416; telematicsid=f594171d27ff204efc7ed55f56d75ef7

2017/11/09 19:05:13
Connection: keep-alive
Cache-Control: max-age=0
User-Agent: Mozilla/5.0 (Windows NT 6.1; Win64; x64) AppleWebKit/537.36 (KHTML, like Gecko) Chrome/61.0.3163.100 Safari/537.36
Upgrade-Insecure-Requests: 1
Accept: text/html,application/xhtml+xml,application/xml;q=0.9,image/webp,image/apng,*/*;q=0.8
Accept-Encoding: gzip, deflate
Accept-Language: en-US,en;q=0.8,zh-CN;q=0.6,zh;q=0.4
Cookie: username-100-69-199-95-9876="2|1:0|10:1509937091|27:username-100-69-199-95-9876|44:MzQ3MzQ0ZjczZDQwNDVmZWFjZTMwYTQ4N2I3NGZlZTM=|f85cc29ac2a329a71addf960f4c0a973582b774a4654a25456d83fa17b2c39d9"; _xsrf=2|a8d52bfa|fe50c65ea472986e32203756b1aa432a|1510220416; telematicsid=f594171d27ff204efc7ed55f56d75ef7

2017/11/09 19:05:13
Connection: keep-alive
User-Agent: Mozilla/5.0 (Windows NT 6.1; Win64; x64) AppleWebKit/537.36 (KHTML, like Gecko) Chrome/61.0.3163.100 Safari/537.36
Accept: image/webp,image/apng,image/*,*/*;q=0.8
Referer: http://100.69.199.95:8000/
Accept-Encoding: gzip, deflate
Accept-Language: en-US,en;q=0.8,zh-CN;q=0.6,zh;q=0.4
Cookie: username-100-69-199-95-9876="2|1:0|10:1509937091|27:username-100-69-199-95-9876|44:MzQ3MzQ0ZjczZDQwNDVmZWFjZTMwYTQ4N2I3NGZlZTM=|f85cc29ac2a329a71addf960f4c0a973582b774a4654a25456d83fa17b2c39d9"; _xsrf=2|a8d52bfa|fe50c65ea472986e32203756b1aa432a|1510220416; telematicsid=f594171d27ff204efc7ed55f56d75ef7

2017/11/09 19:05:13
Connection: keep-alive
User-Agent: Mozilla/5.0 (Windows NT 6.1; Win64; x64) AppleWebKit/537.36 (KHTML, like Gecko) Chrome/61.0.3163.100 Safari/537.36
Accept: image/webp,image/apng,image/*,*/*;q=0.8
Referer: http://100.69.199.95:8000/
Accept-Encoding: gzip, deflate
Accept-Language: en-US,en;q=0.8,zh-CN;q=0.6,zh;q=0.4
Cookie: username-100-69-199-95-9876="2|1:0|10:1509937091|27:username-100-69-199-95-9876|44:MzQ3MzQ0ZjczZDQwNDVmZWFjZTMwYTQ4N2I3NGZlZTM=|f85cc29ac2a329a71addf960f4c0a973582b774a4654a25456d83fa17b2c39d9"; _xsrf=2|a8d52bfa|fe50c65ea472986e32203756b1aa432a|1510220416; telematicsid=f594171d27ff204efc7ed55f56d75ef7

2017/11/09 19:05:13
Connection: keep-alive
User-Agent: Mozilla/5.0 (Windows NT 6.1; Win64; x64) AppleWebKit/537.36 (KHTML, like Gecko) Chrome/61.0.3163.100 Safari/537.36
Accept: image/webp,image/apng,image/*,*/*;q=0.8
Referer: http://100.69.199.95:8000/
Accept-Encoding: gzip, deflate
Accept-Language: en-US,en;q=0.8,zh-CN;q=0.6,zh;q=0.4
Cookie: username-100-69-199-95-9876="2|1:0|10:1509937091|27:username-100-69-199-95-9876|44:MzQ3MzQ0ZjczZDQwNDVmZWFjZTMwYTQ4N2I3NGZlZTM=|f85cc29ac2a329a71addf960f4c0a973582b774a4654a25456d83fa17b2c39d9"; _xsrf=2|a8d52bfa|fe50c65ea472986e32203756b1aa432a|1510220416; telematicsid=f594171d27ff204efc7ed55f56d75ef7

2017/11/09 19:05:13
Connection: keep-alive
User-Agent: Mozilla/5.0 (Windows NT 6.1; Win64; x64) AppleWebKit/537.36 (KHTML, like Gecko) Chrome/61.0.3163.100 Safari/537.36
Accept: image/webp,image/apng,image/*,*/*;q=0.8
Referer: http://100.69.199.95:8000/
Accept-Encoding: gzip, deflate
Accept-Language: en-US,en;q=0.8,zh-CN;q=0.6,zh;q=0.4
Cookie: username-100-69-199-95-9876="2|1:0|10:1509937091|27:username-100-69-199-95-9876|44:MzQ3MzQ0ZjczZDQwNDVmZWFjZTMwYTQ4N2I3NGZlZTM=|f85cc29ac2a329a71addf960f4c0a973582b774a4654a25456d83fa17b2c39d9"; _xsrf=2|a8d52bfa|fe50c65ea472986e32203756b1aa432a|1510220416; telematicsid=f594171d27ff204efc7ed55f56d75ef7

2017/11/09 19:05:13
Connection: keep-alive
User-Agent: Mozilla/5.0 (Windows NT 6.1; Win64; x64) AppleWebKit/537.36 (KHTML, like Gecko) Chrome/61.0.3163.100 Safari/537.36
Accept: image/webp,image/apng,image/*,*/*;q=0.8
Referer: http://100.69.199.95:8000/
Accept-Encoding: gzip, deflate
Accept-Language: en-US,en;q=0.8,zh-CN;q=0.6,zh;q=0.4
Cookie: username-100-69-199-95-9876="2|1:0|10:1509937091|27:username-100-69-199-95-9876|44:MzQ3MzQ0ZjczZDQwNDVmZWFjZTMwYTQ4N2I3NGZlZTM=|f85cc29ac2a329a71addf960f4c0a973582b774a4654a25456d83fa17b2c39d9"; _xsrf=2|a8d52bfa|fe50c65ea472986e32203756b1aa432a|1510220416; telematicsid=f594171d27ff204efc7ed55f56d75ef7

2017/11/09 19:05:13
Connection: keep-alive
User-Agent: Mozilla/5.0 (Windows NT 6.1; Win64; x64) AppleWebKit/537.36 (KHTML, like Gecko) Chrome/61.0.3163.100 Safari/537.36
Accept: image/webp,image/apng,image/*,*/*;q=0.8
Referer: http://100.69.199.95:8000/
Accept-Encoding: gzip, deflate
Accept-Language: en-US,en;q=0.8,zh-CN;q=0.6,zh;q=0.4
Cookie: username-100-69-199-95-9876="2|1:0|10:1509937091|27:username-100-69-199-95-9876|44:MzQ3MzQ0ZjczZDQwNDVmZWFjZTMwYTQ4N2I3NGZlZTM=|f85cc29ac2a329a71addf960f4c0a973582b774a4654a25456d83fa17b2c39d9"; _xsrf=2|a8d52bfa|fe50c65ea472986e32203756b1aa432a|1510220416; telematicsid=f594171d27ff204efc7ed55f56d75ef7

2017/11/13 19:19:14
Connection: keep-alive
Cache-Control: max-age=0
User-Agent: Mozilla/5.0 (Windows NT 6.1; Win64; x64) AppleWebKit/537.36 (KHTML, like Gecko) Chrome/61.0.3163.100 Safari/537.36
Upgrade-Insecure-Requests: 1
Accept: text/html,application/xhtml+xml,application/xml;q=0.9,image/webp,image/apng,*/*;q=0.8
Accept-Encoding: gzip, deflate
Accept-Language: en-US,en;q=0.8,zh-CN;q=0.6,zh;q=0.4
Cookie: _xsrf=2|c95c0a5d|370de392ff3a8c057cb1e1f62e3851de|1510539401; username-100-69-199-95-9876="2|1:0|10:1510539405|27:username-100-69-199-95-9876|44:MTQ2YjcwYWFkNTk0NDE5YmI2ZjZkYTVhNWRmMTE5OTM=|09cadda75238d74d44b24ce5cea161cbf9db710d91358df123885ae516234701"; OUTFOX_SEARCH_USER_ID_NCOO=1682145848.7519605; telematicsid=efe8f89de82469c3cb2316c974a35913

2017/11/13 19:19:15
Connection: keep-alive
User-Agent: Mozilla/5.0 (Windows NT 6.1; Win64; x64) AppleWebKit/537.36 (KHTML, like Gecko) Chrome/61.0.3163.100 Safari/537.36
Accept: image/webp,image/apng,image/*,*/*;q=0.8
Referer: http://100.69.199.95:8000/
Accept-Encoding: gzip, deflate
Accept-Language: en-US,en;q=0.8,zh-CN;q=0.6,zh;q=0.4
Cookie: _xsrf=2|c95c0a5d|370de392ff3a8c057cb1e1f62e3851de|1510539401; username-100-69-199-95-9876="2|1:0|10:1510539405|27:username-100-69-199-95-9876|44:MTQ2YjcwYWFkNTk0NDE5YmI2ZjZkYTVhNWRmMTE5OTM=|09cadda75238d74d44b24ce5cea161cbf9db710d91358df123885ae516234701"; OUTFOX_SEARCH_USER_ID_NCOO=1682145848.7519605; telematicsid=efe8f89de82469c3cb2316c974a35913

2017/11/13 19:19:15
Connection: keep-alive
User-Agent: Mozilla/5.0 (Windows NT 6.1; Win64; x64) AppleWebKit/537.36 (KHTML, like Gecko) Chrome/61.0.3163.100 Safari/537.36
Accept: image/webp,image/apng,image/*,*/*;q=0.8
Referer: http://100.69.199.95:8000/
Accept-Encoding: gzip, deflate
Accept-Language: en-US,en;q=0.8,zh-CN;q=0.6,zh;q=0.4
Cookie: _xsrf=2|c95c0a5d|370de392ff3a8c057cb1e1f62e3851de|1510539401; username-100-69-199-95-9876="2|1:0|10:1510539405|27:username-100-69-199-95-9876|44:MTQ2YjcwYWFkNTk0NDE5YmI2ZjZkYTVhNWRmMTE5OTM=|09cadda75238d74d44b24ce5cea161cbf9db710d91358df123885ae516234701"; OUTFOX_SEARCH_USER_ID_NCOO=1682145848.7519605; telematicsid=efe8f89de82469c3cb2316c974a35913

2017/11/13 19:19:15
Connection: keep-alive
User-Agent: Mozilla/5.0 (Windows NT 6.1; Win64; x64) AppleWebKit/537.36 (KHTML, like Gecko) Chrome/61.0.3163.100 Safari/537.36
Accept: image/webp,image/apng,image/*,*/*;q=0.8
Referer: http://100.69.199.95:8000/
Accept-Encoding: gzip, deflate
Accept-Language: en-US,en;q=0.8,zh-CN;q=0.6,zh;q=0.4
Cookie: _xsrf=2|c95c0a5d|370de392ff3a8c057cb1e1f62e3851de|1510539401; username-100-69-199-95-9876="2|1:0|10:1510539405|27:username-100-69-199-95-9876|44:MTQ2YjcwYWFkNTk0NDE5YmI2ZjZkYTVhNWRmMTE5OTM=|09cadda75238d74d44b24ce5cea161cbf9db710d91358df123885ae516234701"; OUTFOX_SEARCH_USER_ID_NCOO=1682145848.7519605; telematicsid=efe8f89de82469c3cb2316c974a35913

2017/11/13 19:19:15
Connection: keep-alive
User-Agent: Mozilla/5.0 (Windows NT 6.1; Win64; x64) AppleWebKit/537.36 (KHTML, like Gecko) Chrome/61.0.3163.100 Safari/537.36
Accept: image/webp,image/apng,image/*,*/*;q=0.8
Referer: http://100.69.199.95:8000/
Accept-Encoding: gzip, deflate
Accept-Language: en-US,en;q=0.8,zh-CN;q=0.6,zh;q=0.4
Cookie: _xsrf=2|c95c0a5d|370de392ff3a8c057cb1e1f62e3851de|1510539401; username-100-69-199-95-9876="2|1:0|10:1510539405|27:username-100-69-199-95-9876|44:MTQ2YjcwYWFkNTk0NDE5YmI2ZjZkYTVhNWRmMTE5OTM=|09cadda75238d74d44b24ce5cea161cbf9db710d91358df123885ae516234701"; OUTFOX_SEARCH_USER_ID_NCOO=1682145848.7519605; telematicsid=efe8f89de82469c3cb2316c974a35913

2017/11/13 19:19:15
Connection: keep-alive
User-Agent: Mozilla/5.0 (Windows NT 6.1; Win64; x64) AppleWebKit/537.36 (KHTML, like Gecko) Chrome/61.0.3163.100 Safari/537.36
Accept: image/webp,image/apng,image/*,*/*;q=0.8
Referer: http://100.69.199.95:8000/
Accept-Encoding: gzip, deflate
Accept-Language: en-US,en;q=0.8,zh-CN;q=0.6,zh;q=0.4
Cookie: _xsrf=2|c95c0a5d|370de392ff3a8c057cb1e1f62e3851de|1510539401; username-100-69-199-95-9876="2|1:0|10:1510539405|27:username-100-69-199-95-9876|44:MTQ2YjcwYWFkNTk0NDE5YmI2ZjZkYTVhNWRmMTE5OTM=|09cadda75238d74d44b24ce5cea161cbf9db710d91358df123885ae516234701"; OUTFOX_SEARCH_USER_ID_NCOO=1682145848.7519605; telematicsid=efe8f89de82469c3cb2316c974a35913

2017/11/13 19:19:15
Connection: keep-alive
User-Agent: Mozilla/5.0 (Windows NT 6.1; Win64; x64) AppleWebKit/537.36 (KHTML, like Gecko) Chrome/61.0.3163.100 Safari/537.36
Accept: image/webp,image/apng,image/*,*/*;q=0.8
Referer: http://100.69.199.95:8000/
Accept-Encoding: gzip, deflate
Accept-Language: en-US,en;q=0.8,zh-CN;q=0.6,zh;q=0.4
Cookie: _xsrf=2|c95c0a5d|370de392ff3a8c057cb1e1f62e3851de|1510539401; username-100-69-199-95-9876="2|1:0|10:1510539405|27:username-100-69-199-95-9876|44:MTQ2YjcwYWFkNTk0NDE5YmI2ZjZkYTVhNWRmMTE5OTM=|09cadda75238d74d44b24ce5cea161cbf9db710d91358df123885ae516234701"; OUTFOX_SEARCH_USER_ID_NCOO=1682145848.7519605; telematicsid=efe8f89de82469c3cb2316c974a35913

